
Showing logs for build [32mcb-kubecd-environment-pr-172-29-c7rxw-1[0m stage [32mfrom-build-pack[0m and container [32mstep-credential-initializer-jxhml[0m
{"level":"warn","ts":1583253719.746035,"logger":"fallback-logger","caller":"logging/config.go:69","msg":"Fetch GitHub commit ID from kodata failed: \"ref: refs/heads/0.8.0-**-support-backwards-incompats\" is not a valid GitHub commit ID"}
{"level":"info","ts":1583253719.7467883,"logger":"fallback-logger","caller":"creds-init/main.go:40","msg":"Credentials initialized."}

Showing logs for build [32mcb-kubecd-environment-pr-172-29-c7rxw-1[0m stage [32mfrom-build-pack[0m and container [32mstep-working-dir-initializer-nfmv4[0m
{"level":"warn","ts":1583253720.7815554,"logger":"fallback-logger","caller":"logging/config.go:69","msg":"Fetch GitHub commit ID from kodata failed: open /var/run/ko/HEAD: no such file or directory"}
{"level":"info","ts":1583253720.7833998,"logger":"fallback-logger","caller":"bash/main.go:64","msg":"Successfully executed command \"sh -c mkdir -p /workspace/source\"; output "}

Showing logs for build [32mcb-kubecd-environment-pr-172-29-c7rxw-1[0m stage [32mfrom-build-pack[0m and container [32mstep-place-tools[0m

Showing logs for build [32mcb-kubecd-environment-pr-172-29-c7rxw-1[0m stage [32mfrom-build-pack[0m and container [32mstep-git-source-cb-kubecd-environment-pr-172-29-c7rxw-ztnsh[0m
{"level":"warn","ts":1583253723.8818955,"logger":"fallback-logger","caller":"logging/config.go:69","msg":"Fetch GitHub commit ID from kodata failed: \"ref: refs/heads/0.8.0-**-support-backwards-incompats\" is not a valid GitHub commit ID"}
{"level":"info","ts":1583253724.9601843,"logger":"fallback-logger","caller":"git/git.go:103","msg":"Successfully cloned https://github.com/cb-kubecd/environment-pr-172-29-boot-gke-production.git @ master in path /workspace/source"}

Showing logs for build [32mcb-kubecd-environment-pr-172-29-c7rxw-1[0m stage [32mfrom-build-pack[0m and container [32mstep-git-merge[0m
Using SHAs from PULL_REFS=master:6fb20f4b33b5705b4bc8f573c42b0cea200df0c3,1:65fa311bd2b4ff7a639c112f2708d8cd72bcd362
DEBUG: LC_ALL=C JX_LOG_LEVEL=error git fetch origin --unshallow 65fa311bd2b4ff7a639c112f2708d8cd72bcd362: 6fb20f4b33b5705b4bc8f573c42b0cea200df0c3:
DEBUG: ran git fetch --unshallow origin 65fa311bd2b4ff7a639c112f2708d8cd72bcd362: 6fb20f4b33b5705b4bc8f573c42b0cea200df0c3: in 
DEBUG: LC_ALL=C JX_LOG_LEVEL=error git branch
DEBUG: JX_LOG_LEVEL=error LC_ALL=C git checkout master
DEBUG: ran git checkout master in 
DEBUG: LC_ALL=C JX_LOG_LEVEL=error git reset --hard 6fb20f4b33b5705b4bc8f573c42b0cea200df0c3
DEBUG: ran git reset --hard 6fb20f4b33b5705b4bc8f573c42b0cea200df0c3 in 
DEBUG: JX_LOG_LEVEL=error LC_ALL=C git clean -fd .
DEBUG: ran clean --force -d . in 
DEBUG: LC_ALL=C JX_LOG_LEVEL=error git merge 65fa311bd2b4ff7a639c112f2708d8cd72bcd362
DEBUG: ran git merge 65fa311bd2b4ff7a639c112f2708d8cd72bcd362 in 
DEBUG: LC_ALL=C JX_LOG_LEVEL=error git log --format=%H%x1f%an%x1f%ae%x1f%cn%x1f%ce%x1f%s%n%b%x1e 6fb20f4b33b5705b4bc8f573c42b0cea200df0c3..HEAD
Merged SHA 65fa311bd2b4ff7a639c112f2708d8cd72bcd362 with commit message 'chore: Promote bdd-spring-1583252855 to version 0.0.1' into base branch master

Showing logs for build [32mcb-kubecd-environment-pr-172-29-c7rxw-1[0m stage [32mfrom-build-pack[0m and container [32mstep-build-helm-build[0m
WARNING: No $CHART_REPOSITORY defined so using the default value of: http://jenkins-x-chartmuseum:8080
Adding missing Helm repo: storage.googleapis.com https://storage.googleapis.com/chartmuseum.jenkins-x.io
WARNING: No secrets found on "helm/repos" due: reading the secret "helm/repos" from vault: no secret "helm/repos" not found in vault
Read credentials for https://storage.googleapis.com/chartmuseum.jenkins-x.io from vault helm/repos
Successfully added Helm repository storage.googleapis.com.
Adding missing Helm repo: jenkins-x-chartmuseum http://jenkins-x-chartmuseum:8080
WARNING: No secrets found on "helm/repos" due: reading the secret "helm/repos" from vault: no secret "helm/repos" not found in vault
Read credentials for http://jenkins-x-chartmuseum:8080 from vault helm/repos
Successfully added Helm repository jenkins-x-chartmuseum.
WARNING: No $CHART_REPOSITORY defined so using the default value of: http://jenkins-x-chartmuseum:8080
Adding missing Helm repo: chartmuseum.jenkins-x.io http://chartmuseum.jenkins-x.io
WARNING: No secrets found on "helm/repos" due: reading the secret "helm/repos" from vault: no secret "helm/repos" not found in vault
Read credentials for http://chartmuseum.jenkins-x.io from vault helm/repos
Successfully added Helm repository chartmuseum.jenkins-x.io.
